{"S:\\code\\android\\crimetracker\\backend\\utils.js": {"path":"S:\\code\\android\\crimetracker\\backend\\utils.js","statementMap":{"0":{"start":{"line":5,"column":15},"end":{"line":5,"column":34}},"1":{"start":{"line":6,"column":12},"end":{"line":6,"column":35}},"2":{"start":{"line":7,"column":15},"end":{"line":7,"column":32}},"3":{"start":{"line":8,"column":15},"end":{"line":8,"column":34}},"4":{"start":{"line":19,"column":2},"end":{"line":19,"column":29}},"5":{"start":{"line":27,"column":2},"end":{"line":27,"column":34}},"6":{"start":{"line":40,"column":2},"end":{"line":40,"column":61}},"7":{"start":{"line":50,"column":2},"end":{"line":50,"column":40}},"8":{"start":{"line":59,"column":2},"end":{"line":62,"column":5}},"9":{"start":{"line":71,"column":2},"end":{"line":77,"column":3}},"10":{"start":{"line":72,"column":4},"end":{"line":74,"column":7}},"11":{"start":{"line":76,"column":4},"end":{"line":76,"column":50}},"12":{"start":{"line":87,"column":19},"end":{"line":87,"column":36}},"13":{"start":{"line":89,"column":2},"end":{"line":91,"column":3}},"14":{"start":{"line":90,"column":4},"end":{"line":90,"column":31}},"15":{"start":{"line":93,"column":2},"end":{"line":95,"column":3}},"16":{"start":{"line":94,"column":4},"end":{"line":94,"column":25}},"17":{"start":{"line":97,"column":2},"end":{"line":97,"column":18}},"18":{"start":{"line":107,"column":19},"end":{"line":110,"column":3}},"19":{"start":{"line":112,"column":2},"end":{"line":114,"column":3}},"20":{"start":{"line":113,"column":4},"end":{"line":113,"column":31}},"21":{"start":{"line":116,"column":2},"end":{"line":116,"column":18}},"22":{"start":{"line":125,"column":2},"end":{"line":125,"column":56}},"23":{"start":{"line":125,"column":43},"end":{"line":125,"column":56}},"24":{"start":{"line":126,"column":21},"end":{"line":126,"column":49}},"25":{"start":{"line":127,"column":2},"end":{"line":127,"column":39}},"26":{"start":{"line":137,"column":21},"end":{"line":144,"column":3}},"27":{"start":{"line":146,"column":2},"end":{"line":146,"column":54}},"28":{"start":{"line":146,"column":41},"end":{"line":146,"column":54}},"29":{"start":{"line":147,"column":2},"end":{"line":147,"column":56}},"30":{"start":{"line":156,"column":2},"end":{"line":163,"column":4}},"31":{"start":{"line":172,"column":2},"end":{"line":177,"column":3}},"32":{"start":{"line":173,"column":4},"end":{"line":176,"column":6}},"33":{"start":{"line":179,"column":2},"end":{"line":179,"column":25}},"34":{"start":{"line":188,"column":2},"end":{"line":188,"column":22}},"35":{"start":{"line":188,"column":12},"end":{"line":188,"column":22}},"36":{"start":{"line":189,"column":2},"end":{"line":189,"column":41}},"37":{"start":{"line":211,"column":2},"end":{"line":214,"column":3}},"38":{"start":{"line":213,"column":4},"end":{"line":213,"column":53}},"39":{"start":{"line":216,"column":2},"end":{"line":218,"column":3}},"40":{"start":{"line":217,"column":4},"end":{"line":217,"column":64}},"41":{"start":{"line":220,"column":2},"end":{"line":222,"column":3}},"42":{"start":{"line":221,"column":4},"end":{"line":221,"column":67}},"43":{"start":{"line":225,"column":12},"end":{"line":225,"column":18}},"44":{"start":{"line":228,"column":13},"end":{"line":228,"column":35}},"45":{"start":{"line":229,"column":13},"end":{"line":229,"column":35}},"46":{"start":{"line":230,"column":13},"end":{"line":230,"column":44}},"47":{"start":{"line":231,"column":13},"end":{"line":231,"column":44}},"48":{"start":{"line":235,"column":4},"end":{"line":236,"column":69}},"49":{"start":{"line":238,"column":12},"end":{"line":238,"column":58}},"50":{"start":{"line":241,"column":27},"end":{"line":241,"column":32}},"51":{"start":{"line":243,"column":2},"end":{"line":243,"column":38}},"52":{"start":{"line":253,"column":2},"end":{"line":258,"column":4}},"53":{"start":{"line":267,"column":12},"end":{"line":267,"column":26}},"54":{"start":{"line":268,"column":2},"end":{"line":274,"column":5}},"55":{"start":{"line":283,"column":2},"end":{"line":285,"column":3}},"56":{"start":{"line":284,"column":4},"end":{"line":284,"column":16}},"57":{"start":{"line":286,"column":2},"end":{"line":286,"column":33}},"58":{"start":{"line":295,"column":2},"end":{"line":300,"column":29}},"59":{"start":{"line":310,"column":21},"end":{"line":310,"column":48}},"60":{"start":{"line":311,"column":22},"end":{"line":314,"column":3}},"61":{"start":{"line":316,"column":2},"end":{"line":320,"column":4}},"62":{"start":{"line":330,"column":2},"end":{"line":330,"column":34}},"63":{"start":{"line":333,"column":2},"end":{"line":337,"column":3}},"64":{"start":{"line":334,"column":4},"end":{"line":336,"column":6}},"65":{"start":{"line":340,"column":2},"end":{"line":344,"column":3}},"66":{"start":{"line":341,"column":4},"end":{"line":343,"column":6}},"67":{"start":{"line":347,"column":2},"end":{"line":351,"column":3}},"68":{"start":{"line":348,"column":4},"end":{"line":350,"column":6}},"69":{"start":{"line":354,"column":2},"end":{"line":358,"column":4}},"70":{"start":{"line":367,"column":2},"end":{"line":367,"column":57}},"71":{"start":{"line":367,"column":32},"end":{"line":367,"column":55}},"72":{"start":{"line":374,"column":0},"end":{"line":407,"column":2}}},"fnMap":{"0":{"name":"generateUUID","decl":{"start":{"line":18,"column":9},"end":{"line":18,"column":21}},"loc":{"start":{"line":18,"column":24},"end":{"line":20,"column":1}},"line":18},"1":{"name":"getCurrentTimestamp","decl":{"start":{"line":26,"column":9},"end":{"line":26,"column":28}},"loc":{"start":{"line":26,"column":31},"end":{"line":28,"column":1}},"line":26},"2":{"name":"hashPassword","decl":{"start":{"line":39,"column":15},"end":{"line":39,"column":27}},"loc":{"start":{"line":39,"column":38},"end":{"line":41,"column":1}},"line":39},"3":{"name":"comparePassword","decl":{"start":{"line":49,"column":15},"end":{"line":49,"column":30}},"loc":{"start":{"line":49,"column":47},"end":{"line":51,"column":1}},"line":49},"4":{"name":"generateToken","decl":{"start":{"line":58,"column":9},"end":{"line":58,"column":22}},"loc":{"start":{"line":58,"column":32},"end":{"line":63,"column":1}},"line":58},"5":{"name":"verifyToken","decl":{"start":{"line":70,"column":9},"end":{"line":70,"column":20}},"loc":{"start":{"line":70,"column":28},"end":{"line":78,"column":1}},"line":70},"6":{"name":"successResponse","decl":{"start":{"line":86,"column":9},"end":{"line":86,"column":24}},"loc":{"start":{"line":86,"column":47},"end":{"line":98,"column":1}},"line":86},"7":{"name":"errorResponse","decl":{"start":{"line":106,"column":9},"end":{"line":106,"column":22}},"loc":{"start":{"line":106,"column":48},"end":{"line":117,"column":1}},"line":106},"8":{"name":"isValidEmail","decl":{"start":{"line":124,"column":9},"end":{"line":124,"column":21}},"loc":{"start":{"line":124,"column":29},"end":{"line":128,"column":1}},"line":124},"9":{"name":"isValidCrimeType","decl":{"start":{"line":135,"column":9},"end":{"line":135,"column":25}},"loc":{"start":{"line":135,"column":32},"end":{"line":148,"column":1}},"line":135},"10":{"name":"getCrimeTypes","decl":{"start":{"line":154,"column":9},"end":{"line":154,"column":22}},"loc":{"start":{"line":154,"column":25},"end":{"line":164,"column":1}},"line":154},"11":{"name":"validatePassword","decl":{"start":{"line":171,"column":9},"end":{"line":171,"column":25}},"loc":{"start":{"line":171,"column":36},"end":{"line":180,"column":1}},"line":171},"12":{"name":"sanitizeString","decl":{"start":{"line":187,"column":9},"end":{"line":187,"column":23}},"loc":{"start":{"line":187,"column":29},"end":{"line":190,"column":1}},"line":187},"13":{"name":"calculateDistance","decl":{"start":{"line":209,"column":9},"end":{"line":209,"column":26}},"loc":{"start":{"line":209,"column":51},"end":{"line":244,"column":1}},"line":209},"14":{"name":"isValidCoordinates","decl":{"start":{"line":252,"column":9},"end":{"line":252,"column":27}},"loc":{"start":{"line":252,"column":38},"end":{"line":259,"column":1}},"line":252},"15":{"name":"formatDate","decl":{"start":{"line":266,"column":9},"end":{"line":266,"column":19}},"loc":{"start":{"line":266,"column":26},"end":{"line":275,"column":1}},"line":266},"16":{"name":"extractTokenFromHeader","decl":{"start":{"line":282,"column":9},"end":{"line":282,"column":31}},"loc":{"start":{"line":282,"column":44},"end":{"line":287,"column":1}},"line":282},"17":{"name":"generateSlug","decl":{"start":{"line":294,"column":9},"end":{"line":294,"column":21}},"loc":{"start":{"line":294,"column":27},"end":{"line":301,"column":1}},"line":294},"18":{"name":"paginate","decl":{"start":{"line":309,"column":9},"end":{"line":309,"column":17}},"loc":{"start":{"line":309,"column":68},"end":{"line":321,"column":1}},"line":309},"19":{"name":"handleError","decl":{"start":{"line":329,"column":9},"end":{"line":329,"column":20}},"loc":{"start":{"line":329,"column":33},"end":{"line":359,"column":1}},"line":329},"20":{"name":"delay","decl":{"start":{"line":366,"column":9},"end":{"line":366,"column":14}},"loc":{"start":{"line":366,"column":19},"end":{"line":368,"column":1}},"line":366},"21":{"name":"(anonymous_21)","decl":{"start":{"line":367,"column":21},"end":{"line":367,"column":22}},"loc":{"start":{"line":367,"column":32},"end":{"line":367,"column":55}},"line":367}},"branchMap":{"0":{"loc":{"start":{"line":86,"column":31},"end":{"line":86,"column":45}},"type":"default-arg","locations":[{"start":{"line":86,"column":41},"end":{"line":86,"column":45}}],"line":86},"1":{"loc":{"start":{"line":89,"column":2},"end":{"line":91,"column":3}},"type":"if","locations":[{"start":{"line":89,"column":2},"end":{"line":91,"column":3}},{"start":{},"end":{}}],"line":89},"2":{"loc":{"start":{"line":93,"column":2},"end":{"line":95,"column":3}},"type":"if","locations":[{"start":{"line":93,"column":2},"end":{"line":95,"column":3}},{"start":{},"end":{}}],"line":93},"3":{"loc":{"start":{"line":93,"column":6},"end":{"line":93,"column":41}},"type":"binary-expr","locations":[{"start":{"line":93,"column":6},"end":{"line":93,"column":24}},{"start":{"line":93,"column":28},"end":{"line":93,"column":41}}],"line":93},"4":{"loc":{"start":{"line":106,"column":32},"end":{"line":106,"column":46}},"type":"default-arg","locations":[{"start":{"line":106,"column":42},"end":{"line":106,"column":46}}],"line":106},"5":{"loc":{"start":{"line":112,"column":2},"end":{"line":114,"column":3}},"type":"if","locations":[{"start":{"line":112,"column":2},"end":{"line":114,"column":3}},{"start":{},"end":{}}],"line":112},"6":{"loc":{"start":{"line":125,"column":2},"end":{"line":125,"column":56}},"type":"if","locations":[{"start":{"line":125,"column":2},"end":{"line":125,"column":56}},{"start":{},"end":{}}],"line":125},"7":{"loc":{"start":{"line":125,"column":6},"end":{"line":125,"column":41}},"type":"binary-expr","locations":[{"start":{"line":125,"column":6},"end":{"line":125,"column":12}},{"start":{"line":125,"column":16},"end":{"line":125,"column":41}}],"line":125},"8":{"loc":{"start":{"line":146,"column":2},"end":{"line":146,"column":54}},"type":"if","locations":[{"start":{"line":146,"column":2},"end":{"line":146,"column":54}},{"start":{},"end":{}}],"line":146},"9":{"loc":{"start":{"line":146,"column":6},"end":{"line":146,"column":39}},"type":"binary-expr","locations":[{"start":{"line":146,"column":6},"end":{"line":146,"column":11}},{"start":{"line":146,"column":15},"end":{"line":146,"column":39}}],"line":146},"10":{"loc":{"start":{"line":172,"column":2},"end":{"line":177,"column":3}},"type":"if","locations":[{"start":{"line":172,"column":2},"end":{"line":177,"column":3}},{"start":{},"end":{}}],"line":172},"11":{"loc":{"start":{"line":172,"column":6},"end":{"line":172,"column":38}},"type":"binary-expr","locations":[{"start":{"line":172,"column":6},"end":{"line":172,"column":15}},{"start":{"line":172,"column":19},"end":{"line":172,"column":38}}],"line":172},"12":{"loc":{"start":{"line":188,"column":2},"end":{"line":188,"column":22}},"type":"if","locations":[{"start":{"line":188,"column":2},"end":{"line":188,"column":22}},{"start":{},"end":{}}],"line":188},"13":{"loc":{"start":{"line":211,"column":2},"end":{"line":214,"column":3}},"type":"if","locations":[{"start":{"line":211,"column":2},"end":{"line":214,"column":3}},{"start":{},"end":{}}],"line":211},"14":{"loc":{"start":{"line":211,"column":6},"end":{"line":212,"column":58}},"type":"binary-expr","locations":[{"start":{"line":211,"column":6},"end":{"line":211,"column":30}},{"start":{"line":211,"column":34},"end":{"line":211,"column":58}},{"start":{"line":212,"column":6},"end":{"line":212,"column":30}},{"start":{"line":212,"column":34},"end":{"line":212,"column":58}}],"line":211},"15":{"loc":{"start":{"line":216,"column":2},"end":{"line":218,"column":3}},"type":"if","locations":[{"start":{"line":216,"column":2},"end":{"line":218,"column":3}},{"start":{},"end":{}}],"line":216},"16":{"loc":{"start":{"line":216,"column":6},"end":{"line":216,"column":56}},"type":"binary-expr","locations":[{"start":{"line":216,"column":6},"end":{"line":216,"column":16}},{"start":{"line":216,"column":20},"end":{"line":216,"column":29}},{"start":{"line":216,"column":33},"end":{"line":216,"column":43}},{"start":{"line":216,"column":47},"end":{"line":216,"column":56}}],"line":216},"17":{"loc":{"start":{"line":220,"column":2},"end":{"line":222,"column":3}},"type":"if","locations":[{"start":{"line":220,"column":2},"end":{"line":222,"column":3}},{"start":{},"end":{}}],"line":220},"18":{"loc":{"start":{"line":220,"column":6},"end":{"line":220,"column":60}},"type":"binary-expr","locations":[{"start":{"line":220,"column":6},"end":{"line":220,"column":17}},{"start":{"line":220,"column":21},"end":{"line":220,"column":31}},{"start":{"line":220,"column":35},"end":{"line":220,"column":46}},{"start":{"line":220,"column":50},"end":{"line":220,"column":60}}],"line":220},"19":{"loc":{"start":{"line":254,"column":4},"end":{"line":257,"column":29}},"type":"binary-expr","locations":[{"start":{"line":254,"column":4},"end":{"line":254,"column":27}},{"start":{"line":255,"column":4},"end":{"line":255,"column":27}},{"start":{"line":256,"column":4},"end":{"line":256,"column":14}},{"start":{"line":256,"column":18},"end":{"line":256,"column":27}},{"start":{"line":257,"column":4},"end":{"line":257,"column":15}},{"start":{"line":257,"column":19},"end":{"line":257,"column":29}}],"line":254},"20":{"loc":{"start":{"line":283,"column":2},"end":{"line":285,"column":3}},"type":"if","locations":[{"start":{"line":283,"column":2},"end":{"line":285,"column":3}},{"start":{},"end":{}}],"line":283},"21":{"loc":{"start":{"line":283,"column":6},"end":{"line":283,"column":54}},"type":"binary-expr","locations":[{"start":{"line":283,"column":6},"end":{"line":283,"column":17}},{"start":{"line":283,"column":21},"end":{"line":283,"column":54}}],"line":283},"22":{"loc":{"start":{"line":309,"column":18},"end":{"line":309,"column":26}},"type":"default-arg","locations":[{"start":{"line":309,"column":25},"end":{"line":309,"column":26}}],"line":309},"23":{"loc":{"start":{"line":309,"column":28},"end":{"line":309,"column":66}},"type":"default-arg","locations":[{"start":{"line":309,"column":36},"end":{"line":309,"column":66}}],"line":309},"24":{"loc":{"start":{"line":333,"column":2},"end":{"line":337,"column":3}},"type":"if","locations":[{"start":{"line":333,"column":2},"end":{"line":337,"column":3}},{"start":{},"end":{}}],"line":333},"25":{"loc":{"start":{"line":340,"column":2},"end":{"line":344,"column":3}},"type":"if","locations":[{"start":{"line":340,"column":2},"end":{"line":344,"column":3}},{"start":{},"end":{}}],"line":340},"26":{"loc":{"start":{"line":347,"column":2},"end":{"line":351,"column":3}},"type":"if","locations":[{"start":{"line":347,"column":2},"end":{"line":351,"column":3}},{"start":{},"end":{}}],"line":347},"27":{"loc":{"start":{"line":347,"column":6},"end":{"line":347,"column":72}},"type":"binary-expr","locations":[{"start":{"line":347,"column":6},"end":{"line":347,"column":37}},{"start":{"line":347,"column":41},"end":{"line":347,"column":72}}],"line":347},"28":{"loc":{"start":{"line":356,"column":6},"end":{"line":356,"column":77}},"type":"cond-expr","locations":[{"start":{"line":356,"column":52},"end":{"line":356,"column":65}},{"start":{"line":356,"column":68},"end":{"line":356,"column":77}}],"line":356}},"s":{"0":6,"1":6,"2":6,"3":6,"4":10,"5":9,"6":10,"7":6,"8":13,"9":10,"10":10,"11":2,"12":2,"13":2,"14":1,"15":2,"16":2,"17":2,"18":1,"19":1,"20":1,"21":1,"22":15,"23":2,"24":13,"25":13,"26":20,"27":20,"28":2,"29":18,"30":1,"31":8,"32":2,"33":6,"34":3,"35":1,"36":2,"37":15,"38":1,"39":14,"40":1,"41":13,"42":1,"43":12,"44":12,"45":12,"46":12,"47":12,"48":12,"49":12,"50":12,"51":12,"52":8,"53":1,"54":1,"55":12,"56":4,"57":8,"58":3,"59":3,"60":3,"61":3,"62":0,"63":0,"64":0,"65":0,"66":0,"67":0,"68":0,"69":0,"70":1,"71":1,"72":6},"f":{"0":10,"1":9,"2":10,"3":6,"4":13,"5":10,"6":2,"7":1,"8":15,"9":20,"10":1,"11":8,"12":3,"13":15,"14":8,"15":1,"16":12,"17":3,"18":3,"19":0,"20":1,"21":1},"b":{"0":[1],"1":[1,1],"2":[2,0],"3":[2,2],"4":[0],"5":[1,0],"6":[2,13],"7":[15,13],"8":[2,18],"9":[20,18],"10":[2,6],"11":[8,8],"12":[1,2],"13":[1,14],"14":[15,14,14,14],"15":[1,13],"16":[14,14,13,13],"17":[1,12],"18":[13,13,12,12],"19":[8,7,7,6,5,5],"20":[4,8],"21":[12,10],"22":[1],"23":[1],"24":[0,0],"25":[0,0],"26":[0,0],"27":[0,0],"28":[0,0]},"_coverageSchema":"1a1c01bbd47fc00a2c39e90264f33305004495a9","hash":"ef9baac328a3b745697c756cfb76405ca4d68a68"}
,"S:\\code\\android\\crimetracker\\backend\\middleware\\auth.js": {"path":"S:\\code\\android\\crimetracker\\backend\\middleware\\auth.js","statementMap":{"0":{"start":{"line":6,"column":48},"end":{"line":6,"column":67}},"1":{"start":{"line":17,"column":2},"end":{"line":57,"column":3}},"2":{"start":{"line":18,"column":23},"end":{"line":18,"column":51}},"3":{"start":{"line":21,"column":4},"end":{"line":26,"column":5}},"4":{"start":{"line":22,"column":6},"end":{"line":25,"column":9}},"5":{"start":{"line":29,"column":18},"end":{"line":29,"column":52}},"6":{"start":{"line":31,"column":4},"end":{"line":36,"column":5}},"7":{"start":{"line":32,"column":6},"end":{"line":35,"column":9}},"8":{"start":{"line":39,"column":20},"end":{"line":39,"column":38}},"9":{"start":{"line":42,"column":4},"end":{"line":42,"column":23}},"10":{"start":{"line":44,"column":4},"end":{"line":44,"column":11}},"11":{"start":{"line":48,"column":23},"end":{"line":48,"column":72}},"12":{"start":{"line":49,"column":20},"end":{"line":51,"column":24}},"13":{"start":{"line":53,"column":4},"end":{"line":56,"column":7}},"14":{"start":{"line":65,"column":2},"end":{"line":65,"column":9}},"15":{"start":{"line":73,"column":2},"end":{"line":73,"column":9}},"16":{"start":{"line":76,"column":0},"end":{"line":80,"column":2}}},"fnMap":{"0":{"name":"authenticateToken","decl":{"start":{"line":16,"column":9},"end":{"line":16,"column":26}},"loc":{"start":{"line":16,"column":43},"end":{"line":58,"column":1}},"line":16},"1":{"name":"requireGroupAdmin","decl":{"start":{"line":63,"column":9},"end":{"line":63,"column":26}},"loc":{"start":{"line":63,"column":43},"end":{"line":66,"column":1}},"line":63},"2":{"name":"requireOwnership","decl":{"start":{"line":71,"column":9},"end":{"line":71,"column":25}},"loc":{"start":{"line":71,"column":42},"end":{"line":74,"column":1}},"line":71}},"branchMap":{"0":{"loc":{"start":{"line":21,"column":4},"end":{"line":26,"column":5}},"type":"if","locations":[{"start":{"line":21,"column":4},"end":{"line":26,"column":5}},{"start":{},"end":{}}],"line":21},"1":{"loc":{"start":{"line":31,"column":4},"end":{"line":36,"column":5}},"type":"if","locations":[{"start":{"line":31,"column":4},"end":{"line":36,"column":5}},{"start":{},"end":{}}],"line":31},"2":{"loc":{"start":{"line":48,"column":23},"end":{"line":48,"column":72}},"type":"cond-expr","locations":[{"start":{"line":48,"column":63},"end":{"line":48,"column":66}},{"start":{"line":48,"column":69},"end":{"line":48,"column":72}}],"line":48},"3":{"loc":{"start":{"line":49,"column":20},"end":{"line":51,"column":24}},"type":"cond-expr","locations":[{"start":{"line":50,"column":8},"end":{"line":50,"column":46}},{"start":{"line":51,"column":8},"end":{"line":51,"column":24}}],"line":49}},"s":{"0":1,"1":9,"2":9,"3":9,"4":1,"5":8,"6":8,"7":2,"8":6,"9":5,"10":5,"11":1,"12":1,"13":1,"14":0,"15":0,"16":1},"f":{"0":9,"1":0,"2":0},"b":{"0":[1,8],"1":[2,6],"2":[0,1],"3":[0,1]},"_coverageSchema":"1a1c01bbd47fc00a2c39e90264f33305004495a9","hash":"c900c9f214a7468e1d55a888176ebd62e79a0ef3"}
,"S:\\code\\android\\crimetracker\\backend\\middleware\\errorHandler.js": {"path":"S:\\code\\android\\crimetracker\\backend\\middleware\\errorHandler.js","statementMap":{"0":{"start":{"line":5,"column":26},"end":{"line":5,"column":45}},"1":{"start":{"line":6,"column":15},"end":{"line":6,"column":35}},"2":{"start":{"line":12,"column":2},"end":{"line":14,"column":4}},"3":{"start":{"line":21,"column":2},"end":{"line":21,"column":44}},"4":{"start":{"line":23,"column":21},"end":{"line":23,"column":42}},"5":{"start":{"line":24,"column":18},"end":{"line":24,"column":59}},"6":{"start":{"line":26,"column":2},"end":{"line":31,"column":4}},"7":{"start":{"line":34,"column":0},"end":{"line":37,"column":2}}},"fnMap":{"0":{"name":"notFoundHandler","decl":{"start":{"line":11,"column":9},"end":{"line":11,"column":24}},"loc":{"start":{"line":11,"column":41},"end":{"line":15,"column":1}},"line":11},"1":{"name":"errorHandler","decl":{"start":{"line":20,"column":9},"end":{"line":20,"column":21}},"loc":{"start":{"line":20,"column":43},"end":{"line":32,"column":1}},"line":20}},"branchMap":{"0":{"loc":{"start":{"line":23,"column":21},"end":{"line":23,"column":42}},"type":"binary-expr","locations":[{"start":{"line":23,"column":21},"end":{"line":23,"column":35}},{"start":{"line":23,"column":39},"end":{"line":23,"column":42}}],"line":23},"1":{"loc":{"start":{"line":24,"column":18},"end":{"line":24,"column":59}},"type":"binary-expr","locations":[{"start":{"line":24,"column":18},"end":{"line":24,"column":29}},{"start":{"line":24,"column":33},"end":{"line":24,"column":59}}],"line":24},"2":{"loc":{"start":{"line":29,"column":6},"end":{"line":29,"column":73}},"type":"cond-expr","locations":[{"start":{"line":29,"column":52},"end":{"line":29,"column":61}},{"start":{"line":29,"column":64},"end":{"line":29,"column":73}}],"line":29}},"s":{"0":0,"1":0,"2":0,"3":0,"4":0,"5":0,"6":0,"7":0},"f":{"0":0,"1":0},"b":{"0":[0,0],"1":[0,0],"2":[0,0]}}
,"S:\\code\\android\\crimetracker\\backend\\middleware\\validation.js": {"path":"S:\\code\\android\\crimetracker\\backend\\middleware\\validation.js","statementMap":{"0":{"start":{"line":5,"column":35},"end":{"line":5,"column":63}},"1":{"start":{"line":6,"column":40},"end":{"line":6,"column":59}},"2":{"start":{"line":12,"column":17},"end":{"line":12,"column":38}},"3":{"start":{"line":14,"column":2},"end":{"line":23,"column":3}},"4":{"start":{"line":15,"column":26},"end":{"line":18,"column":7}},"5":{"start":{"line":15,"column":53},"end":{"line":18,"column":5}},"6":{"start":{"line":20,"column":4},"end":{"line":22,"column":6}},"7":{"start":{"line":25,"column":2},"end":{"line":25,"column":9}},"8":{"start":{"line":31,"column":25},"end":{"line":61,"column":1}},"9":{"start":{"line":66,"column":22},"end":{"line":77,"column":1}},"10":{"start":{"line":82,"column":23},"end":{"line":115,"column":1}},"11":{"start":{"line":120,"column":22},"end":{"line":147,"column":1}},"12":{"start":{"line":152,"column":21},"end":{"line":164,"column":1}},"13":{"start":{"line":169,"column":24},"end":{"line":176,"column":1}},"14":{"start":{"line":178,"column":0},"end":{"line":186,"column":2}}},"fnMap":{"0":{"name":"handleValidationErrors","decl":{"start":{"line":11,"column":9},"end":{"line":11,"column":31}},"loc":{"start":{"line":11,"column":48},"end":{"line":26,"column":1}},"line":11},"1":{"name":"(anonymous_1)","decl":{"start":{"line":15,"column":45},"end":{"line":15,"column":46}},"loc":{"start":{"line":15,"column":53},"end":{"line":18,"column":5}},"line":15}},"branchMap":{"0":{"loc":{"start":{"line":14,"column":2},"end":{"line":23,"column":3}},"type":"if","locations":[{"start":{"line":14,"column":2},"end":{"line":23,"column":3}},{"start":{},"end":{}}],"line":14}},"s":{"0":0,"1":0,"2":0,"3":0,"4":0,"5":0,"6":0,"7":0,"8":0,"9":0,"10":0,"11":0,"12":0,"13":0,"14":0},"f":{"0":0,"1":0},"b":{"0":[0,0]}}
,"S:\\code\\android\\crimetracker\\backend\\services\\authService.js": {"path":"S:\\code\\android\\crimetracker\\backend\\services\\authService.js","statementMap":{"0":{"start":{"line":5,"column":11},"end":{"line":5,"column":33}},"1":{"start":{"line":13,"column":4},"end":{"line":13,"column":23}},"2":{"start":{"line":22,"column":20},"end":{"line":22,"column":30}},"3":{"start":{"line":25,"column":2},"end":{"line":27,"column":3}},"4":{"start":{"line":26,"column":4},"end":{"line":26,"column":38}},"5":{"start":{"line":30,"column":29},"end":{"line":30,"column":55}},"6":{"start":{"line":31,"column":2},"end":{"line":33,"column":3}},"7":{"start":{"line":32,"column":4},"end":{"line":32,"column":48}},"8":{"start":{"line":36,"column":26},"end":{"line":36,"column":52}},"9":{"start":{"line":37,"column":29},"end":{"line":37,"column":44}},"10":{"start":{"line":40,"column":24},"end":{"line":43,"column":3}},"11":{"start":{"line":45,"column":2},"end":{"line":47,"column":3}},"12":{"start":{"line":46,"column":4},"end":{"line":46,"column":43}},"13":{"start":{"line":50,"column":27},"end":{"line":53,"column":3}},"14":{"start":{"line":55,"column":2},"end":{"line":57,"column":3}},"15":{"start":{"line":56,"column":4},"end":{"line":56,"column":53}},"16":{"start":{"line":60,"column":17},"end":{"line":60,"column":31}},"17":{"start":{"line":63,"column":24},"end":{"line":63,"column":52}},"18":{"start":{"line":66,"column":2},"end":{"line":69,"column":4}},"19":{"start":{"line":72,"column":16},"end":{"line":76,"column":4}},"20":{"start":{"line":78,"column":19},"end":{"line":78,"column":41}},"21":{"start":{"line":79,"column":2},"end":{"line":79,"column":45}},"22":{"start":{"line":81,"column":2},"end":{"line":87,"column":4}},"23":{"start":{"line":96,"column":20},"end":{"line":96,"column":30}},"24":{"start":{"line":99,"column":26},"end":{"line":99,"column":52}},"25":{"start":{"line":102,"column":15},"end":{"line":105,"column":3}},"26":{"start":{"line":107,"column":2},"end":{"line":109,"column":3}},"27":{"start":{"line":108,"column":4},"end":{"line":108,"column":49}},"28":{"start":{"line":112,"column":24},"end":{"line":112,"column":75}},"29":{"start":{"line":114,"column":2},"end":{"line":116,"column":3}},"30":{"start":{"line":115,"column":4},"end":{"line":115,"column":49}},"31":{"start":{"line":119,"column":16},"end":{"line":123,"column":4}},"32":{"start":{"line":125,"column":19},"end":{"line":125,"column":41}},"33":{"start":{"line":126,"column":2},"end":{"line":126,"column":42}},"34":{"start":{"line":128,"column":2},"end":{"line":134,"column":4}},"35":{"start":{"line":137,"column":0},"end":{"line":140,"column":2}}},"fnMap":{"0":{"name":"registerUser","decl":{"start":{"line":21,"column":15},"end":{"line":21,"column":27}},"loc":{"start":{"line":21,"column":55},"end":{"line":88,"column":1}},"line":21},"1":{"name":"loginUser","decl":{"start":{"line":95,"column":15},"end":{"line":95,"column":24}},"loc":{"start":{"line":95,"column":42},"end":{"line":135,"column":1}},"line":95}},"branchMap":{"0":{"loc":{"start":{"line":25,"column":2},"end":{"line":27,"column":3}},"type":"if","locations":[{"start":{"line":25,"column":2},"end":{"line":27,"column":3}},{"start":{},"end":{}}],"line":25},"1":{"loc":{"start":{"line":31,"column":2},"end":{"line":33,"column":3}},"type":"if","locations":[{"start":{"line":31,"column":2},"end":{"line":33,"column":3}},{"start":{},"end":{}}],"line":31},"2":{"loc":{"start":{"line":45,"column":2},"end":{"line":47,"column":3}},"type":"if","locations":[{"start":{"line":45,"column":2},"end":{"line":47,"column":3}},{"start":{},"end":{}}],"line":45},"3":{"loc":{"start":{"line":55,"column":2},"end":{"line":57,"column":3}},"type":"if","locations":[{"start":{"line":55,"column":2},"end":{"line":57,"column":3}},{"start":{},"end":{}}],"line":55},"4":{"loc":{"start":{"line":107,"column":2},"end":{"line":109,"column":3}},"type":"if","locations":[{"start":{"line":107,"column":2},"end":{"line":109,"column":3}},{"start":{},"end":{}}],"line":107},"5":{"loc":{"start":{"line":114,"column":2},"end":{"line":116,"column":3}},"type":"if","locations":[{"start":{"line":114,"column":2},"end":{"line":116,"column":3}},{"start":{},"end":{}}],"line":114}},"s":{"0":1,"1":1,"2":7,"3":7,"4":1,"5":6,"6":6,"7":1,"8":5,"9":5,"10":5,"11":5,"12":1,"13":4,"14":4,"15":1,"16":3,"17":3,"18":3,"19":3,"20":3,"21":3,"22":3,"23":5,"24":5,"25":5,"26":5,"27":1,"28":4,"29":4,"30":1,"31":3,"32":3,"33":3,"34":3,"35":1},"f":{"0":7,"1":5},"b":{"0":[1,6],"1":[1,5],"2":[1,4],"3":[1,3],"4":[1,4],"5":[1,3]},"_coverageSchema":"1a1c01bbd47fc00a2c39e90264f33305004495a9","hash":"9c54325b463bb0ffdd9601c731f1497981ad613d"}
,"S:\\code\\android\\crimetracker\\backend\\services\\feedService.js": {"path":"S:\\code\\android\\crimetracker\\backend\\services\\feedService.js","statementMap":{"0":{"start":{"line":5,"column":11},"end":{"line":5,"column":33}},"1":{"start":{"line":6,"column":46},"end":{"line":6,"column":65}},"2":{"start":{"line":15,"column":20},"end":{"line":15,"column":30}},"3":{"start":{"line":18,"column":2},"end":{"line":20,"column":3}},"4":{"start":{"line":19,"column":4},"end":{"line":19,"column":46}},"5":{"start":{"line":22,"column":2},"end":{"line":24,"column":3}},"6":{"start":{"line":23,"column":4},"end":{"line":23,"column":67}},"7":{"start":{"line":27,"column":16},"end":{"line":27,"column":77}},"8":{"start":{"line":28,"column":2},"end":{"line":30,"column":3}},"9":{"start":{"line":29,"column":4},"end":{"line":29,"column":44}},"10":{"start":{"line":33,"column":21},"end":{"line":36,"column":3}},"11":{"start":{"line":38,"column":2},"end":{"line":40,"column":3}},"12":{"start":{"line":39,"column":4},"end":{"line":39,"column":68}},"13":{"start":{"line":43,"column":17},"end":{"line":43,"column":31}},"14":{"start":{"line":44,"column":20},"end":{"line":44,"column":41}},"15":{"start":{"line":47,"column":2},"end":{"line":51,"column":4}},"16":{"start":{"line":54,"column":15},"end":{"line":67,"column":3}},"17":{"start":{"line":69,"column":19},"end":{"line":69,"column":41}},"18":{"start":{"line":70,"column":2},"end":{"line":70,"column":48}},"19":{"start":{"line":72,"column":2},"end":{"line":72,"column":14}},"20":{"start":{"line":82,"column":20},"end":{"line":82,"column":30}},"21":{"start":{"line":85,"column":2},"end":{"line":87,"column":3}},"22":{"start":{"line":86,"column":4},"end":{"line":86,"column":58}},"23":{"start":{"line":89,"column":2},"end":{"line":91,"column":3}},"24":{"start":{"line":90,"column":4},"end":{"line":90,"column":55}},"25":{"start":{"line":94,"column":16},"end":{"line":94,"column":77}},"26":{"start":{"line":95,"column":2},"end":{"line":97,"column":3}},"27":{"start":{"line":96,"column":4},"end":{"line":96,"column":44}},"28":{"start":{"line":100,"column":17},"end":{"line":100,"column":35}},"29":{"start":{"line":103,"column":16},"end":{"line":117,"column":3}},"30":{"start":{"line":120,"column":22},"end":{"line":123,"column":3}},"31":{"start":{"line":124,"column":16},"end":{"line":124,"column":33}},"32":{"start":{"line":127,"column":21},"end":{"line":127,"column":45}},"33":{"start":{"line":128,"column":22},"end":{"line":128,"column":39}},"34":{"start":{"line":129,"column":22},"end":{"line":129,"column":30}},"35":{"start":{"line":131,"column":19},"end":{"line":131,"column":41}},"36":{"start":{"line":132,"column":2},"end":{"line":132,"column":70}},"37":{"start":{"line":134,"column":2},"end":{"line":144,"column":4}},"38":{"start":{"line":152,"column":15},"end":{"line":167,"column":3}},"39":{"start":{"line":169,"column":2},"end":{"line":171,"column":3}},"40":{"start":{"line":170,"column":4},"end":{"line":170,"column":43}},"41":{"start":{"line":173,"column":2},"end":{"line":173,"column":14}},"42":{"start":{"line":182,"column":20},"end":{"line":182,"column":30}},"43":{"start":{"line":185,"column":15},"end":{"line":188,"column":3}},"44":{"start":{"line":190,"column":2},"end":{"line":192,"column":3}},"45":{"start":{"line":191,"column":4},"end":{"line":191,"column":84}},"46":{"start":{"line":195,"column":2},"end":{"line":195,"column":59}},"47":{"start":{"line":197,"column":19},"end":{"line":197,"column":41}},"48":{"start":{"line":198,"column":2},"end":{"line":198,"column":50}},"49":{"start":{"line":200,"column":2},"end":{"line":200,"column":14}},"50":{"start":{"line":211,"column":15},"end":{"line":214,"column":3}},"51":{"start":{"line":216,"column":2},"end":{"line":218,"column":3}},"52":{"start":{"line":217,"column":4},"end":{"line":217,"column":83}},"53":{"start":{"line":221,"column":2},"end":{"line":223,"column":3}},"54":{"start":{"line":222,"column":4},"end":{"line":222,"column":46}},"55":{"start":{"line":225,"column":2},"end":{"line":227,"column":3}},"56":{"start":{"line":226,"column":4},"end":{"line":226,"column":67}},"57":{"start":{"line":230,"column":2},"end":{"line":233,"column":4}},"58":{"start":{"line":235,"column":2},"end":{"line":235,"column":35}},"59":{"start":{"line":243,"column":16},"end":{"line":255,"column":3}},"60":{"start":{"line":257,"column":2},"end":{"line":257,"column":15}},"61":{"start":{"line":267,"column":20},"end":{"line":267,"column":30}},"62":{"start":{"line":270,"column":2},"end":{"line":272,"column":3}},"63":{"start":{"line":271,"column":4},"end":{"line":271,"column":58}},"64":{"start":{"line":274,"column":2},"end":{"line":276,"column":3}},"65":{"start":{"line":275,"column":4},"end":{"line":275,"column":55}},"66":{"start":{"line":279,"column":17},"end":{"line":279,"column":35}},"67":{"start":{"line":282,"column":16},"end":{"line":300,"column":3}},"68":{"start":{"line":303,"column":22},"end":{"line":309,"column":3}},"69":{"start":{"line":310,"column":16},"end":{"line":310,"column":33}},"70":{"start":{"line":313,"column":21},"end":{"line":313,"column":45}},"71":{"start":{"line":314,"column":22},"end":{"line":314,"column":39}},"72":{"start":{"line":315,"column":22},"end":{"line":315,"column":30}},"73":{"start":{"line":317,"column":19},"end":{"line":317,"column":41}},"74":{"start":{"line":318,"column":2},"end":{"line":318,"column":77}},"75":{"start":{"line":320,"column":2},"end":{"line":330,"column":4}},"76":{"start":{"line":333,"column":0},"end":{"line":341,"column":2}}},"fnMap":{"0":{"name":"createPost","decl":{"start":{"line":14,"column":15},"end":{"line":14,"column":25}},"loc":{"start":{"line":14,"column":53},"end":{"line":73,"column":1}},"line":14},"1":{"name":"getGroupPosts","decl":{"start":{"line":81,"column":15},"end":{"line":81,"column":28}},"loc":{"start":{"line":81,"column":60},"end":{"line":145,"column":1}},"line":81},"2":{"name":"getPostById","decl":{"start":{"line":151,"column":15},"end":{"line":151,"column":26}},"loc":{"start":{"line":151,"column":35},"end":{"line":174,"column":1}},"line":151},"3":{"name":"deletePost","decl":{"start":{"line":181,"column":15},"end":{"line":181,"column":25}},"loc":{"start":{"line":181,"column":42},"end":{"line":201,"column":1}},"line":181},"4":{"name":"updatePost","decl":{"start":{"line":209,"column":15},"end":{"line":209,"column":25}},"loc":{"start":{"line":209,"column":52},"end":{"line":236,"column":1}},"line":209},"5":{"name":"getUserPosts","decl":{"start":{"line":242,"column":15},"end":{"line":242,"column":27}},"loc":{"start":{"line":242,"column":36},"end":{"line":258,"column":1}},"line":242},"6":{"name":"getUserFeed","decl":{"start":{"line":266,"column":15},"end":{"line":266,"column":26}},"loc":{"start":{"line":266,"column":57},"end":{"line":331,"column":1}},"line":266}},"branchMap":{"0":{"loc":{"start":{"line":18,"column":2},"end":{"line":20,"column":3}},"type":"if","locations":[{"start":{"line":18,"column":2},"end":{"line":20,"column":3}},{"start":{},"end":{}}],"line":18},"1":{"loc":{"start":{"line":18,"column":6},"end":{"line":18,"column":47}},"type":"binary-expr","locations":[{"start":{"line":18,"column":6},"end":{"line":18,"column":15}},{"start":{"line":18,"column":19},"end":{"line":18,"column":47}}],"line":18},"2":{"loc":{"start":{"line":22,"column":2},"end":{"line":24,"column":3}},"type":"if","locations":[{"start":{"line":22,"column":2},"end":{"line":24,"column":3}},{"start":{},"end":{}}],"line":22},"3":{"loc":{"start":{"line":28,"column":2},"end":{"line":30,"column":3}},"type":"if","locations":[{"start":{"line":28,"column":2},"end":{"line":30,"column":3}},{"start":{},"end":{}}],"line":28},"4":{"loc":{"start":{"line":38,"column":2},"end":{"line":40,"column":3}},"type":"if","locations":[{"start":{"line":38,"column":2},"end":{"line":40,"column":3}},{"start":{},"end":{}}],"line":38},"5":{"loc":{"start":{"line":81,"column":38},"end":{"line":81,"column":46}},"type":"default-arg","locations":[{"start":{"line":81,"column":45},"end":{"line":81,"column":46}}],"line":81},"6":{"loc":{"start":{"line":81,"column":48},"end":{"line":81,"column":58}},"type":"default-arg","locations":[{"start":{"line":81,"column":56},"end":{"line":81,"column":58}}],"line":81},"7":{"loc":{"start":{"line":85,"column":2},"end":{"line":87,"column":3}},"type":"if","locations":[{"start":{"line":85,"column":2},"end":{"line":87,"column":3}},{"start":{},"end":{}}],"line":85},"8":{"loc":{"start":{"line":89,"column":2},"end":{"line":91,"column":3}},"type":"if","locations":[{"start":{"line":89,"column":2},"end":{"line":91,"column":3}},{"start":{},"end":{}}],"line":89},"9":{"loc":{"start":{"line":89,"column":6},"end":{"line":89,"column":30}},"type":"binary-expr","locations":[{"start":{"line":89,"column":6},"end":{"line":89,"column":15}},{"start":{"line":89,"column":19},"end":{"line":89,"column":30}}],"line":89},"10":{"loc":{"start":{"line":95,"column":2},"end":{"line":97,"column":3}},"type":"if","locations":[{"start":{"line":95,"column":2},"end":{"line":97,"column":3}},{"start":{},"end":{}}],"line":95},"11":{"loc":{"start":{"line":169,"column":2},"end":{"line":171,"column":3}},"type":"if","locations":[{"start":{"line":169,"column":2},"end":{"line":171,"column":3}},{"start":{},"end":{}}],"line":169},"12":{"loc":{"start":{"line":190,"column":2},"end":{"line":192,"column":3}},"type":"if","locations":[{"start":{"line":190,"column":2},"end":{"line":192,"column":3}},{"start":{},"end":{}}],"line":190},"13":{"loc":{"start":{"line":216,"column":2},"end":{"line":218,"column":3}},"type":"if","locations":[{"start":{"line":216,"column":2},"end":{"line":218,"column":3}},{"start":{},"end":{}}],"line":216},"14":{"loc":{"start":{"line":221,"column":2},"end":{"line":223,"column":3}},"type":"if","locations":[{"start":{"line":221,"column":2},"end":{"line":223,"column":3}},{"start":{},"end":{}}],"line":221},"15":{"loc":{"start":{"line":221,"column":6},"end":{"line":221,"column":47}},"type":"binary-expr","locations":[{"start":{"line":221,"column":6},"end":{"line":221,"column":15}},{"start":{"line":221,"column":19},"end":{"line":221,"column":47}}],"line":221},"16":{"loc":{"start":{"line":225,"column":2},"end":{"line":227,"column":3}},"type":"if","locations":[{"start":{"line":225,"column":2},"end":{"line":227,"column":3}},{"start":{},"end":{}}],"line":225},"17":{"loc":{"start":{"line":266,"column":35},"end":{"line":266,"column":43}},"type":"default-arg","locations":[{"start":{"line":266,"column":42},"end":{"line":266,"column":43}}],"line":266},"18":{"loc":{"start":{"line":266,"column":45},"end":{"line":266,"column":55}},"type":"default-arg","locations":[{"start":{"line":266,"column":53},"end":{"line":266,"column":55}}],"line":266},"19":{"loc":{"start":{"line":270,"column":2},"end":{"line":272,"column":3}},"type":"if","locations":[{"start":{"line":270,"column":2},"end":{"line":272,"column":3}},{"start":{},"end":{}}],"line":270},"20":{"loc":{"start":{"line":274,"column":2},"end":{"line":276,"column":3}},"type":"if","locations":[{"start":{"line":274,"column":2},"end":{"line":276,"column":3}},{"start":{},"end":{}}],"line":274},"21":{"loc":{"start":{"line":274,"column":6},"end":{"line":274,"column":30}},"type":"binary-expr","locations":[{"start":{"line":274,"column":6},"end":{"line":274,"column":15}},{"start":{"line":274,"column":19},"end":{"line":274,"column":30}}],"line":274}},"s":{"0":1,"1":1,"2":5,"3":5,"4":1,"5":4,"6":1,"7":3,"8":3,"9":1,"10":2,"11":2,"12":1,"13":1,"14":1,"15":1,"16":1,"17":1,"18":1,"19":1,"20":6,"21":6,"22":1,"23":5,"24":2,"25":3,"26":3,"27":1,"28":2,"29":2,"30":2,"31":2,"32":2,"33":2,"34":2,"35":2,"36":2,"37":2,"38":3,"39":3,"40":1,"41":2,"42":2,"43":2,"44":2,"45":1,"46":1,"47":1,"48":1,"49":1,"50":4,"51":4,"52":1,"53":3,"54":1,"55":2,"56":1,"57":1,"58":1,"59":2,"60":2,"61":5,"62":5,"63":1,"64":4,"65":2,"66":2,"67":2,"68":2,"69":2,"70":2,"71":2,"72":2,"73":2,"74":2,"75":2,"76":1},"f":{"0":5,"1":6,"2":3,"3":2,"4":4,"5":2,"6":5},"b":{"0":[1,4],"1":[5,4],"2":[1,3],"3":[1,2],"4":[1,1],"5":[0],"6":[0],"7":[1,5],"8":[2,3],"9":[5,4],"10":[1,2],"11":[1,2],"12":[1,1],"13":[1,3],"14":[1,2],"15":[3,2],"16":[1,1],"17":[0],"18":[0],"19":[1,4],"20":[2,2],"21":[4,3]},"_coverageSchema":"1a1c01bbd47fc00a2c39e90264f33305004495a9","hash":"0c3e084aba451564d4ac0a1d07d4d41437746bb0"}
,"S:\\code\\android\\crimetracker\\backend\\services\\groupService.js": {"path":"S:\\code\\android\\crimetracker\\backend\\services\\groupService.js","statementMap":{"0":{"start":{"line":5,"column":11},"end":{"line":5,"column":33}},"1":{"start":{"line":6,"column":46},"end":{"line":6,"column":65}},"2":{"start":{"line":15,"column":20},"end":{"line":15,"column":30}},"3":{"start":{"line":18,"column":2},"end":{"line":20,"column":3}},"4":{"start":{"line":19,"column":4},"end":{"line":19,"column":51}},"5":{"start":{"line":22,"column":2},"end":{"line":24,"column":3}},"6":{"start":{"line":23,"column":4},"end":{"line":23,"column":71}},"7":{"start":{"line":27,"column":24},"end":{"line":30,"column":3}},"8":{"start":{"line":32,"column":2},"end":{"line":34,"column":3}},"9":{"start":{"line":33,"column":4},"end":{"line":33,"column":56}},"10":{"start":{"line":37,"column":18},"end":{"line":37,"column":32}},"11":{"start":{"line":38,"column":20},"end":{"line":38,"column":41}},"12":{"start":{"line":41,"column":2},"end":{"line":45,"column":4}},"13":{"start":{"line":48,"column":2},"end":{"line":52,"column":4}},"14":{"start":{"line":55,"column":16},"end":{"line":55,"column":43}},"15":{"start":{"line":57,"column":19},"end":{"line":57,"column":41}},"16":{"start":{"line":58,"column":2},"end":{"line":58,"column":49}},"17":{"start":{"line":60,"column":2},"end":{"line":60,"column":15}},"18":{"start":{"line":68,"column":20},"end":{"line":68,"column":30}},"19":{"start":{"line":70,"column":14},"end":{"line":81,"column":3}},"20":{"start":{"line":83,"column":17},"end":{"line":83,"column":19}},"21":{"start":{"line":85,"column":2},"end":{"line":89,"column":3}},"22":{"start":{"line":86,"column":4},"end":{"line":86,"column":86}},"23":{"start":{"line":87,"column":23},"end":{"line":87,"column":43}},"24":{"start":{"line":88,"column":4},"end":{"line":88,"column":40}},"25":{"start":{"line":91,"column":2},"end":{"line":91,"column":55}},"26":{"start":{"line":93,"column":17},"end":{"line":93,"column":44}},"27":{"start":{"line":95,"column":19},"end":{"line":95,"column":41}},"28":{"start":{"line":96,"column":2},"end":{"line":96,"column":72}},"29":{"start":{"line":98,"column":2},"end":{"line":98,"column":16}},"30":{"start":{"line":106,"column":16},"end":{"line":121,"column":3}},"31":{"start":{"line":123,"column":2},"end":{"line":125,"column":3}},"32":{"start":{"line":124,"column":4},"end":{"line":124,"column":44}},"33":{"start":{"line":127,"column":2},"end":{"line":127,"column":15}},"34":{"start":{"line":136,"column":20},"end":{"line":136,"column":30}},"35":{"start":{"line":139,"column":16},"end":{"line":139,"column":77}},"36":{"start":{"line":140,"column":2},"end":{"line":142,"column":3}},"37":{"start":{"line":141,"column":4},"end":{"line":141,"column":44}},"38":{"start":{"line":145,"column":21},"end":{"line":148,"column":3}},"39":{"start":{"line":150,"column":2},"end":{"line":152,"column":3}},"40":{"start":{"line":151,"column":4},"end":{"line":151,"column":52}},"41":{"start":{"line":155,"column":20},"end":{"line":155,"column":41}},"42":{"start":{"line":156,"column":2},"end":{"line":160,"column":4}},"43":{"start":{"line":163,"column":23},"end":{"line":163,"column":50}},"44":{"start":{"line":165,"column":19},"end":{"line":165,"column":41}},"45":{"start":{"line":166,"column":2},"end":{"line":166,"column":60}},"46":{"start":{"line":168,"column":2},"end":{"line":168,"column":22}},"47":{"start":{"line":177,"column":20},"end":{"line":177,"column":30}},"48":{"start":{"line":180,"column":16},"end":{"line":180,"column":76}},"49":{"start":{"line":181,"column":2},"end":{"line":183,"column":3}},"50":{"start":{"line":182,"column":4},"end":{"line":182,"column":44}},"51":{"start":{"line":186,"column":2},"end":{"line":188,"column":3}},"52":{"start":{"line":187,"column":4},"end":{"line":187,"column":84}},"53":{"start":{"line":191,"column":21},"end":{"line":194,"column":3}},"54":{"start":{"line":196,"column":2},"end":{"line":198,"column":3}},"55":{"start":{"line":197,"column":4},"end":{"line":197,"column":53}},"56":{"start":{"line":201,"column":2},"end":{"line":204,"column":4}},"57":{"start":{"line":207,"column":23},"end":{"line":207,"column":50}},"58":{"start":{"line":209,"column":19},"end":{"line":209,"column":41}},"59":{"start":{"line":210,"column":2},"end":{"line":210,"column":58}},"60":{"start":{"line":212,"column":2},"end":{"line":212,"column":22}},"61":{"start":{"line":221,"column":16},"end":{"line":221,"column":77}},"62":{"start":{"line":222,"column":2},"end":{"line":224,"column":3}},"63":{"start":{"line":223,"column":4},"end":{"line":223,"column":44}},"64":{"start":{"line":226,"column":18},"end":{"line":239,"column":3}},"65":{"start":{"line":241,"column":2},"end":{"line":241,"column":17}},"66":{"start":{"line":250,"column":21},"end":{"line":253,"column":3}},"67":{"start":{"line":255,"column":2},"end":{"line":255,"column":22}},"68":{"start":{"line":265,"column":16},"end":{"line":265,"column":76}},"69":{"start":{"line":266,"column":2},"end":{"line":268,"column":3}},"70":{"start":{"line":267,"column":4},"end":{"line":267,"column":44}},"71":{"start":{"line":271,"column":2},"end":{"line":273,"column":3}},"72":{"start":{"line":272,"column":4},"end":{"line":272,"column":61}},"73":{"start":{"line":276,"column":2},"end":{"line":276,"column":61}},"74":{"start":{"line":278,"column":2},"end":{"line":278,"column":45}},"75":{"start":{"line":279,"column":2},"end":{"line":279,"column":14}},"76":{"start":{"line":290,"column":16},"end":{"line":293,"column":3}},"77":{"start":{"line":295,"column":2},"end":{"line":297,"column":3}},"78":{"start":{"line":296,"column":4},"end":{"line":296,"column":84}},"79":{"start":{"line":299,"column":30},"end":{"line":299,"column":37}},"80":{"start":{"line":300,"column":25},"end":{"line":300,"column":27}},"81":{"start":{"line":301,"column":17},"end":{"line":301,"column":19}},"82":{"start":{"line":303,"column":2},"end":{"line":320,"column":3}},"83":{"start":{"line":304,"column":4},"end":{"line":306,"column":5}},"84":{"start":{"line":305,"column":6},"end":{"line":305,"column":73}},"85":{"start":{"line":309,"column":26},"end":{"line":312,"column":5}},"86":{"start":{"line":314,"column":4},"end":{"line":316,"column":5}},"87":{"start":{"line":315,"column":6},"end":{"line":315,"column":58}},"88":{"start":{"line":318,"column":4},"end":{"line":318,"column":36}},"89":{"start":{"line":319,"column":4},"end":{"line":319,"column":29}},"90":{"start":{"line":322,"column":2},"end":{"line":325,"column":3}},"91":{"start":{"line":323,"column":4},"end":{"line":323,"column":41}},"92":{"start":{"line":324,"column":4},"end":{"line":324,"column":53}},"93":{"start":{"line":327,"column":2},"end":{"line":329,"column":3}},"94":{"start":{"line":328,"column":4},"end":{"line":328,"column":51}},"95":{"start":{"line":331,"column":2},"end":{"line":331,"column":23}},"96":{"start":{"line":333,"column":2},"end":{"line":336,"column":4}},"97":{"start":{"line":338,"column":2},"end":{"line":338,"column":37}},"98":{"start":{"line":341,"column":0},"end":{"line":351,"column":2}}},"fnMap":{"0":{"name":"createGroup","decl":{"start":{"line":14,"column":15},"end":{"line":14,"column":26}},"loc":{"start":{"line":14,"column":52},"end":{"line":61,"column":1}},"line":14},"1":{"name":"searchGroups","decl":{"start":{"line":67,"column":15},"end":{"line":67,"column":27}},"loc":{"start":{"line":67,"column":43},"end":{"line":99,"column":1}},"line":67},"2":{"name":"getGroupById","decl":{"start":{"line":105,"column":15},"end":{"line":105,"column":27}},"loc":{"start":{"line":105,"column":37},"end":{"line":128,"column":1}},"line":105},"3":{"name":"joinGroup","decl":{"start":{"line":135,"column":15},"end":{"line":135,"column":24}},"loc":{"start":{"line":135,"column":42},"end":{"line":169,"column":1}},"line":135},"4":{"name":"leaveGroup","decl":{"start":{"line":176,"column":15},"end":{"line":176,"column":25}},"loc":{"start":{"line":176,"column":43},"end":{"line":213,"column":1}},"line":176},"5":{"name":"getGroupMembers","decl":{"start":{"line":219,"column":15},"end":{"line":219,"column":30}},"loc":{"start":{"line":219,"column":40},"end":{"line":242,"column":1}},"line":219},"6":{"name":"isMember","decl":{"start":{"line":249,"column":15},"end":{"line":249,"column":23}},"loc":{"start":{"line":249,"column":41},"end":{"line":256,"column":1}},"line":249},"7":{"name":"deleteGroup","decl":{"start":{"line":263,"column":15},"end":{"line":263,"column":26}},"loc":{"start":{"line":263,"column":44},"end":{"line":280,"column":1}},"line":263},"8":{"name":"updateGroup","decl":{"start":{"line":288,"column":15},"end":{"line":288,"column":26}},"loc":{"start":{"line":288,"column":53},"end":{"line":339,"column":1}},"line":288}},"branchMap":{"0":{"loc":{"start":{"line":18,"column":2},"end":{"line":20,"column":3}},"type":"if","locations":[{"start":{"line":18,"column":2},"end":{"line":20,"column":3}},{"start":{},"end":{}}],"line":18},"1":{"loc":{"start":{"line":18,"column":6},"end":{"line":18,"column":39}},"type":"binary-expr","locations":[{"start":{"line":18,"column":6},"end":{"line":18,"column":11}},{"start":{"line":18,"column":15},"end":{"line":18,"column":39}}],"line":18},"2":{"loc":{"start":{"line":22,"column":2},"end":{"line":24,"column":3}},"type":"if","locations":[{"start":{"line":22,"column":2},"end":{"line":24,"column":3}},{"start":{},"end":{}}],"line":22},"3":{"loc":{"start":{"line":32,"column":2},"end":{"line":34,"column":3}},"type":"if","locations":[{"start":{"line":32,"column":2},"end":{"line":34,"column":3}},{"start":{},"end":{}}],"line":32},"4":{"loc":{"start":{"line":44,"column":27},"end":{"line":44,"column":62}},"type":"cond-expr","locations":[{"start":{"line":44,"column":39},"end":{"line":44,"column":55}},{"start":{"line":44,"column":58},"end":{"line":44,"column":62}}],"line":44},"5":{"loc":{"start":{"line":67,"column":28},"end":{"line":67,"column":41}},"type":"default-arg","locations":[{"start":{"line":67,"column":37},"end":{"line":67,"column":41}}],"line":67},"6":{"loc":{"start":{"line":85,"column":2},"end":{"line":89,"column":3}},"type":"if","locations":[{"start":{"line":85,"column":2},"end":{"line":89,"column":3}},{"start":{},"end":{}}],"line":85},"7":{"loc":{"start":{"line":85,"column":6},"end":{"line":85,"column":40}},"type":"binary-expr","locations":[{"start":{"line":85,"column":6},"end":{"line":85,"column":12}},{"start":{"line":85,"column":16},"end":{"line":85,"column":40}}],"line":85},"8":{"loc":{"start":{"line":123,"column":2},"end":{"line":125,"column":3}},"type":"if","locations":[{"start":{"line":123,"column":2},"end":{"line":125,"column":3}},{"start":{},"end":{}}],"line":123},"9":{"loc":{"start":{"line":140,"column":2},"end":{"line":142,"column":3}},"type":"if","locations":[{"start":{"line":140,"column":2},"end":{"line":142,"column":3}},{"start":{},"end":{}}],"line":140},"10":{"loc":{"start":{"line":150,"column":2},"end":{"line":152,"column":3}},"type":"if","locations":[{"start":{"line":150,"column":2},"end":{"line":152,"column":3}},{"start":{},"end":{}}],"line":150},"11":{"loc":{"start":{"line":181,"column":2},"end":{"line":183,"column":3}},"type":"if","locations":[{"start":{"line":181,"column":2},"end":{"line":183,"column":3}},{"start":{},"end":{}}],"line":181},"12":{"loc":{"start":{"line":186,"column":2},"end":{"line":188,"column":3}},"type":"if","locations":[{"start":{"line":186,"column":2},"end":{"line":188,"column":3}},{"start":{},"end":{}}],"line":186},"13":{"loc":{"start":{"line":196,"column":2},"end":{"line":198,"column":3}},"type":"if","locations":[{"start":{"line":196,"column":2},"end":{"line":198,"column":3}},{"start":{},"end":{}}],"line":196},"14":{"loc":{"start":{"line":222,"column":2},"end":{"line":224,"column":3}},"type":"if","locations":[{"start":{"line":222,"column":2},"end":{"line":224,"column":3}},{"start":{},"end":{}}],"line":222},"15":{"loc":{"start":{"line":266,"column":2},"end":{"line":268,"column":3}},"type":"if","locations":[{"start":{"line":266,"column":2},"end":{"line":268,"column":3}},{"start":{},"end":{}}],"line":266},"16":{"loc":{"start":{"line":271,"column":2},"end":{"line":273,"column":3}},"type":"if","locations":[{"start":{"line":271,"column":2},"end":{"line":273,"column":3}},{"start":{},"end":{}}],"line":271},"17":{"loc":{"start":{"line":295,"column":2},"end":{"line":297,"column":3}},"type":"if","locations":[{"start":{"line":295,"column":2},"end":{"line":297,"column":3}},{"start":{},"end":{}}],"line":295},"18":{"loc":{"start":{"line":303,"column":2},"end":{"line":320,"column":3}},"type":"if","locations":[{"start":{"line":303,"column":2},"end":{"line":320,"column":3}},{"start":{},"end":{}}],"line":303},"19":{"loc":{"start":{"line":304,"column":4},"end":{"line":306,"column":5}},"type":"if","locations":[{"start":{"line":304,"column":4},"end":{"line":306,"column":5}},{"start":{},"end":{}}],"line":304},"20":{"loc":{"start":{"line":314,"column":4},"end":{"line":316,"column":5}},"type":"if","locations":[{"start":{"line":314,"column":4},"end":{"line":316,"column":5}},{"start":{},"end":{}}],"line":314},"21":{"loc":{"start":{"line":322,"column":2},"end":{"line":325,"column":3}},"type":"if","locations":[{"start":{"line":322,"column":2},"end":{"line":325,"column":3}},{"start":{},"end":{}}],"line":322},"22":{"loc":{"start":{"line":324,"column":16},"end":{"line":324,"column":51}},"type":"cond-expr","locations":[{"start":{"line":324,"column":28},"end":{"line":324,"column":44}},{"start":{"line":324,"column":47},"end":{"line":324,"column":51}}],"line":324},"23":{"loc":{"start":{"line":327,"column":2},"end":{"line":329,"column":3}},"type":"if","locations":[{"start":{"line":327,"column":2},"end":{"line":329,"column":3}},{"start":{},"end":{}}],"line":327}},"s":{"0":1,"1":1,"2":6,"3":6,"4":1,"5":5,"6":1,"7":4,"8":4,"9":1,"10":3,"11":3,"12":3,"13":3,"14":3,"15":3,"16":3,"17":3,"18":3,"19":3,"20":3,"21":3,"22":1,"23":1,"24":1,"25":3,"26":3,"27":3,"28":3,"29":3,"30":8,"31":8,"32":1,"33":7,"34":3,"35":3,"36":3,"37":1,"38":2,"39":2,"40":1,"41":1,"42":1,"43":1,"44":1,"45":1,"46":1,"47":3,"48":3,"49":3,"50":0,"51":3,"52":1,"53":2,"54":2,"55":1,"56":1,"57":1,"58":1,"59":1,"60":1,"61":2,"62":2,"63":1,"64":1,"65":1,"66":2,"67":2,"68":3,"69":3,"70":1,"71":2,"72":1,"73":1,"74":1,"75":1,"76":4,"77":4,"78":1,"79":3,"80":3,"81":3,"82":3,"83":2,"84":0,"85":2,"86":2,"87":1,"88":1,"89":1,"90":2,"91":1,"92":1,"93":2,"94":1,"95":1,"96":1,"97":1,"98":1},"f":{"0":6,"1":3,"2":8,"3":3,"4":3,"5":2,"6":2,"7":3,"8":4},"b":{"0":[1,5],"1":[6,5],"2":[1,4],"3":[1,3],"4":[2,1],"5":[2],"6":[1,2],"7":[3,1],"8":[1,7],"9":[1,2],"10":[1,1],"11":[0,3],"12":[1,2],"13":[1,1],"14":[1,1],"15":[1,2],"16":[1,1],"17":[1,3],"18":[2,1],"19":[0,2],"20":[1,1],"21":[1,1],"22":[1,0],"23":[1,1]},"_coverageSchema":"1a1c01bbd47fc00a2c39e90264f33305004495a9","hash":"3b4de981f830bbfdc18d4cf8305e0910e6deeb94"}
,"S:\\code\\android\\crimetracker\\backend\\services\\reportService.js": {"path":"S:\\code\\android\\crimetracker\\backend\\services\\reportService.js","statementMap":{"0":{"start":{"line":5,"column":11},"end":{"line":5,"column":33}},"1":{"start":{"line":11,"column":4},"end":{"line":11,"column":23}},"2":{"start":{"line":22,"column":20},"end":{"line":22,"column":30}},"3":{"start":{"line":25,"column":2},"end":{"line":27,"column":3}},"4":{"start":{"line":26,"column":4},"end":{"line":26,"column":103}},"5":{"start":{"line":30,"column":2},"end":{"line":32,"column":3}},"6":{"start":{"line":31,"column":4},"end":{"line":31,"column":47}},"7":{"start":{"line":34,"column":2},"end":{"line":36,"column":3}},"8":{"start":{"line":35,"column":4},"end":{"line":35,"column":67}},"9":{"start":{"line":39,"column":2},"end":{"line":41,"column":3}},"10":{"start":{"line":40,"column":4},"end":{"line":40,"column":69}},"11":{"start":{"line":43,"column":2},"end":{"line":45,"column":3}},"12":{"start":{"line":44,"column":4},"end":{"line":44,"column":72}},"13":{"start":{"line":48,"column":19},"end":{"line":48,"column":33}},"14":{"start":{"line":49,"column":20},"end":{"line":49,"column":41}},"15":{"start":{"line":52,"column":2},"end":{"line":56,"column":4}},"16":{"start":{"line":59,"column":17},"end":{"line":72,"column":3}},"17":{"start":{"line":74,"column":19},"end":{"line":74,"column":41}},"18":{"start":{"line":75,"column":2},"end":{"line":75,"column":52}},"19":{"start":{"line":77,"column":2},"end":{"line":77,"column":16}},"20":{"start":{"line":87,"column":20},"end":{"line":87,"column":30}},"21":{"start":{"line":90,"column":2},"end":{"line":92,"column":3}},"22":{"start":{"line":91,"column":4},"end":{"line":91,"column":69}},"23":{"start":{"line":94,"column":2},"end":{"line":96,"column":3}},"24":{"start":{"line":95,"column":4},"end":{"line":95,"column":72}},"25":{"start":{"line":98,"column":2},"end":{"line":100,"column":3}},"26":{"start":{"line":99,"column":4},"end":{"line":99,"column":56}},"27":{"start":{"line":103,"column":24},"end":{"line":103,"column":34}},"28":{"start":{"line":104,"column":2},"end":{"line":104,"column":54}},"29":{"start":{"line":105,"column":24},"end":{"line":105,"column":51}},"30":{"start":{"line":108,"column":21},"end":{"line":122,"column":3}},"31":{"start":{"line":125,"column":23},"end":{"line":125,"column":38}},"32":{"start":{"line":126,"column":24},"end":{"line":129,"column":4}},"33":{"start":{"line":127,"column":21},"end":{"line":127,"column":83}},"34":{"start":{"line":128,"column":4},"end":{"line":128,"column":36}},"35":{"start":{"line":132,"column":30},"end":{"line":136,"column":5}},"36":{"start":{"line":132,"column":59},"end":{"line":136,"column":3}},"37":{"start":{"line":138,"column":19},"end":{"line":138,"column":41}},"38":{"start":{"line":139,"column":2},"end":{"line":139,"column":88}},"39":{"start":{"line":141,"column":2},"end":{"line":141,"column":29}},"40":{"start":{"line":149,"column":20},"end":{"line":149,"column":30}},"41":{"start":{"line":151,"column":17},"end":{"line":167,"column":3}},"42":{"start":{"line":169,"column":2},"end":{"line":171,"column":3}},"43":{"start":{"line":170,"column":4},"end":{"line":170,"column":47}},"44":{"start":{"line":173,"column":19},"end":{"line":173,"column":41}},"45":{"start":{"line":174,"column":2},"end":{"line":174,"column":56}},"46":{"start":{"line":176,"column":2},"end":{"line":176,"column":16}},"47":{"start":{"line":184,"column":18},"end":{"line":196,"column":3}},"48":{"start":{"line":198,"column":2},"end":{"line":198,"column":17}},"49":{"start":{"line":209,"column":17},"end":{"line":212,"column":3}},"50":{"start":{"line":214,"column":2},"end":{"line":216,"column":3}},"51":{"start":{"line":215,"column":4},"end":{"line":215,"column":87}},"52":{"start":{"line":218,"column":30},"end":{"line":218,"column":37}},"53":{"start":{"line":219,"column":25},"end":{"line":219,"column":27}},"54":{"start":{"line":220,"column":17},"end":{"line":220,"column":19}},"55":{"start":{"line":222,"column":2},"end":{"line":228,"column":3}},"56":{"start":{"line":223,"column":4},"end":{"line":225,"column":5}},"57":{"start":{"line":224,"column":6},"end":{"line":224,"column":48}},"58":{"start":{"line":226,"column":4},"end":{"line":226,"column":36}},"59":{"start":{"line":227,"column":4},"end":{"line":227,"column":22}},"60":{"start":{"line":230,"column":2},"end":{"line":236,"column":3}},"61":{"start":{"line":231,"column":4},"end":{"line":233,"column":5}},"62":{"start":{"line":232,"column":6},"end":{"line":232,"column":69}},"63":{"start":{"line":234,"column":4},"end":{"line":234,"column":41}},"64":{"start":{"line":235,"column":4},"end":{"line":235,"column":34}},"65":{"start":{"line":238,"column":2},"end":{"line":240,"column":3}},"66":{"start":{"line":239,"column":4},"end":{"line":239,"column":51}},"67":{"start":{"line":242,"column":2},"end":{"line":242,"column":40}},"68":{"start":{"line":243,"column":2},"end":{"line":243,"column":37}},"69":{"start":{"line":244,"column":2},"end":{"line":244,"column":24}},"70":{"start":{"line":246,"column":2},"end":{"line":249,"column":4}},"71":{"start":{"line":251,"column":2},"end":{"line":251,"column":39}},"72":{"start":{"line":261,"column":17},"end":{"line":264,"column":3}},"73":{"start":{"line":266,"column":2},"end":{"line":268,"column":3}},"74":{"start":{"line":267,"column":4},"end":{"line":267,"column":88}},"75":{"start":{"line":270,"column":2},"end":{"line":270,"column":69}},"76":{"start":{"line":272,"column":2},"end":{"line":272,"column":49}},"77":{"start":{"line":273,"column":2},"end":{"line":273,"column":14}},"78":{"start":{"line":276,"column":0},"end":{"line":283,"column":2}}},"fnMap":{"0":{"name":"createReport","decl":{"start":{"line":21,"column":15},"end":{"line":21,"column":27}},"loc":{"start":{"line":21,"column":74},"end":{"line":78,"column":1}},"line":21},"1":{"name":"getNearbyReports","decl":{"start":{"line":86,"column":15},"end":{"line":86,"column":31}},"loc":{"start":{"line":86,"column":67},"end":{"line":142,"column":1}},"line":86},"2":{"name":"(anonymous_2)","decl":{"start":{"line":126,"column":42},"end":{"line":126,"column":43}},"loc":{"start":{"line":126,"column":52},"end":{"line":129,"column":3}},"line":126},"3":{"name":"(anonymous_3)","decl":{"start":{"line":132,"column":48},"end":{"line":132,"column":49}},"loc":{"start":{"line":132,"column":59},"end":{"line":136,"column":3}},"line":132},"4":{"name":"getReportById","decl":{"start":{"line":148,"column":15},"end":{"line":148,"column":28}},"loc":{"start":{"line":148,"column":39},"end":{"line":177,"column":1}},"line":148},"5":{"name":"getUserReports","decl":{"start":{"line":183,"column":15},"end":{"line":183,"column":29}},"loc":{"start":{"line":183,"column":38},"end":{"line":199,"column":1}},"line":183},"6":{"name":"updateReport","decl":{"start":{"line":207,"column":15},"end":{"line":207,"column":27}},"loc":{"start":{"line":207,"column":55},"end":{"line":252,"column":1}},"line":207},"7":{"name":"deleteReport","decl":{"start":{"line":259,"column":15},"end":{"line":259,"column":27}},"loc":{"start":{"line":259,"column":46},"end":{"line":274,"column":1}},"line":259}},"branchMap":{"0":{"loc":{"start":{"line":25,"column":2},"end":{"line":27,"column":3}},"type":"if","locations":[{"start":{"line":25,"column":2},"end":{"line":27,"column":3}},{"start":{},"end":{}}],"line":25},"1":{"loc":{"start":{"line":30,"column":2},"end":{"line":32,"column":3}},"type":"if","locations":[{"start":{"line":30,"column":2},"end":{"line":32,"column":3}},{"start":{},"end":{}}],"line":30},"2":{"loc":{"start":{"line":30,"column":6},"end":{"line":30,"column":49}},"type":"binary-expr","locations":[{"start":{"line":30,"column":6},"end":{"line":30,"column":16}},{"start":{"line":30,"column":20},"end":{"line":30,"column":49}}],"line":30},"3":{"loc":{"start":{"line":34,"column":2},"end":{"line":36,"column":3}},"type":"if","locations":[{"start":{"line":34,"column":2},"end":{"line":36,"column":3}},{"start":{},"end":{}}],"line":34},"4":{"loc":{"start":{"line":39,"column":2},"end":{"line":41,"column":3}},"type":"if","locations":[{"start":{"line":39,"column":2},"end":{"line":41,"column":3}},{"start":{},"end":{}}],"line":39},"5":{"loc":{"start":{"line":39,"column":6},"end":{"line":39,"column":69}},"type":"binary-expr","locations":[{"start":{"line":39,"column":6},"end":{"line":39,"column":34}},{"start":{"line":39,"column":38},"end":{"line":39,"column":52}},{"start":{"line":39,"column":56},"end":{"line":39,"column":69}}],"line":39},"6":{"loc":{"start":{"line":43,"column":2},"end":{"line":45,"column":3}},"type":"if","locations":[{"start":{"line":43,"column":2},"end":{"line":45,"column":3}},{"start":{},"end":{}}],"line":43},"7":{"loc":{"start":{"line":43,"column":6},"end":{"line":43,"column":74}},"type":"binary-expr","locations":[{"start":{"line":43,"column":6},"end":{"line":43,"column":35}},{"start":{"line":43,"column":39},"end":{"line":43,"column":55}},{"start":{"line":43,"column":59},"end":{"line":43,"column":74}}],"line":43},"8":{"loc":{"start":{"line":86,"column":53},"end":{"line":86,"column":65}},"type":"default-arg","locations":[{"start":{"line":86,"column":64},"end":{"line":86,"column":65}}],"line":86},"9":{"loc":{"start":{"line":90,"column":2},"end":{"line":92,"column":3}},"type":"if","locations":[{"start":{"line":90,"column":2},"end":{"line":92,"column":3}},{"start":{},"end":{}}],"line":90},"10":{"loc":{"start":{"line":90,"column":6},"end":{"line":90,"column":69}},"type":"binary-expr","locations":[{"start":{"line":90,"column":6},"end":{"line":90,"column":34}},{"start":{"line":90,"column":38},"end":{"line":90,"column":52}},{"start":{"line":90,"column":56},"end":{"line":90,"column":69}}],"line":90},"11":{"loc":{"start":{"line":94,"column":2},"end":{"line":96,"column":3}},"type":"if","locations":[{"start":{"line":94,"column":2},"end":{"line":96,"column":3}},{"start":{},"end":{}}],"line":94},"12":{"loc":{"start":{"line":94,"column":6},"end":{"line":94,"column":74}},"type":"binary-expr","locations":[{"start":{"line":94,"column":6},"end":{"line":94,"column":35}},{"start":{"line":94,"column":39},"end":{"line":94,"column":55}},{"start":{"line":94,"column":59},"end":{"line":94,"column":74}}],"line":94},"13":{"loc":{"start":{"line":98,"column":2},"end":{"line":100,"column":3}},"type":"if","locations":[{"start":{"line":98,"column":2},"end":{"line":100,"column":3}},{"start":{},"end":{}}],"line":98},"14":{"loc":{"start":{"line":98,"column":6},"end":{"line":98,"column":51}},"type":"binary-expr","locations":[{"start":{"line":98,"column":6},"end":{"line":98,"column":34}},{"start":{"line":98,"column":38},"end":{"line":98,"column":51}}],"line":98},"15":{"loc":{"start":{"line":169,"column":2},"end":{"line":171,"column":3}},"type":"if","locations":[{"start":{"line":169,"column":2},"end":{"line":171,"column":3}},{"start":{},"end":{}}],"line":169},"16":{"loc":{"start":{"line":214,"column":2},"end":{"line":216,"column":3}},"type":"if","locations":[{"start":{"line":214,"column":2},"end":{"line":216,"column":3}},{"start":{},"end":{}}],"line":214},"17":{"loc":{"start":{"line":222,"column":2},"end":{"line":228,"column":3}},"type":"if","locations":[{"start":{"line":222,"column":2},"end":{"line":228,"column":3}},{"start":{},"end":{}}],"line":222},"18":{"loc":{"start":{"line":223,"column":4},"end":{"line":225,"column":5}},"type":"if","locations":[{"start":{"line":223,"column":4},"end":{"line":225,"column":5}},{"start":{},"end":{}}],"line":223},"19":{"loc":{"start":{"line":230,"column":2},"end":{"line":236,"column":3}},"type":"if","locations":[{"start":{"line":230,"column":2},"end":{"line":236,"column":3}},{"start":{},"end":{}}],"line":230},"20":{"loc":{"start":{"line":231,"column":4},"end":{"line":233,"column":5}},"type":"if","locations":[{"start":{"line":231,"column":4},"end":{"line":233,"column":5}},{"start":{},"end":{}}],"line":231},"21":{"loc":{"start":{"line":238,"column":2},"end":{"line":240,"column":3}},"type":"if","locations":[{"start":{"line":238,"column":2},"end":{"line":240,"column":3}},{"start":{},"end":{}}],"line":238},"22":{"loc":{"start":{"line":266,"column":2},"end":{"line":268,"column":3}},"type":"if","locations":[{"start":{"line":266,"column":2},"end":{"line":268,"column":3}},{"start":{},"end":{}}],"line":266}},"s":{"0":1,"1":1,"2":9,"3":9,"4":1,"5":8,"6":1,"7":7,"8":1,"9":6,"10":2,"11":4,"12":2,"13":2,"14":2,"15":2,"16":2,"17":2,"18":2,"19":2,"20":6,"21":6,"22":1,"23":5,"24":1,"25":4,"26":2,"27":2,"28":2,"29":2,"30":2,"31":2,"32":2,"33":4,"34":4,"35":2,"36":3,"37":2,"38":2,"39":2,"40":3,"41":3,"42":3,"43":1,"44":2,"45":2,"46":2,"47":2,"48":2,"49":4,"50":4,"51":1,"52":3,"53":3,"54":3,"55":3,"56":2,"57":1,"58":1,"59":1,"60":2,"61":1,"62":0,"63":1,"64":1,"65":2,"66":1,"67":1,"68":1,"69":1,"70":1,"71":1,"72":2,"73":2,"74":1,"75":1,"76":1,"77":1,"78":1},"f":{"0":9,"1":6,"2":4,"3":3,"4":3,"5":2,"6":4,"7":2},"b":{"0":[1,8],"1":[1,7],"2":[8,7],"3":[1,6],"4":[2,4],"5":[6,6,5],"6":[2,2],"7":[4,4,3],"8":[0],"9":[1,5],"10":[6,6,6],"11":[1,4],"12":[5,5,5],"13":[2,2],"14":[4,4],"15":[1,2],"16":[1,3],"17":[2,1],"18":[1,1],"19":[1,1],"20":[0,1],"21":[1,1],"22":[1,1]},"_coverageSchema":"1a1c01bbd47fc00a2c39e90264f33305004495a9","hash":"d3812a18c12d7279f69a0ccf977c89e877609ddb"}
}
