TN:
SF:utils.js
FN:18,generateUUID
FN:26,getCurrentTimestamp
FN:39,hashPassword
FN:49,comparePassword
FN:58,generateToken
FN:70,verifyToken
FN:86,successResponse
FN:106,errorResponse
FN:124,isValidEmail
FN:135,isValidCrimeType
FN:154,getCrimeTypes
FN:171,validatePassword
FN:187,sanitizeString
FN:209,calculateDistance
FN:252,isValidCoordinates
FN:266,formatDate
FN:282,extractTokenFromHeader
FN:294,generateSlug
FN:309,paginate
FN:329,handleError
FN:366,delay
FN:367,(anonymous_21)
FNF:22
FNH:21
FNDA:10,generateUUID
FNDA:9,getCurrentTimestamp
FNDA:10,hashPassword
FNDA:6,comparePassword
FNDA:13,generateToken
FNDA:10,verifyToken
FNDA:2,successResponse
FNDA:26,errorResponse
FNDA:15,isValidEmail
FNDA:20,isValidCrimeType
FNDA:1,getCrimeTypes
FNDA:8,validatePassword
FNDA:3,sanitizeString
FNDA:15,calculateDistance
FNDA:8,isValidCoordinates
FNDA:1,formatDate
FNDA:12,extractTokenFromHeader
FNDA:3,generateSlug
FNDA:3,paginate
FNDA:0,handleError
FNDA:1,delay
FNDA:1,(anonymous_21)
DA:5,8
DA:6,8
DA:7,8
DA:8,8
DA:19,10
DA:27,9
DA:40,10
DA:50,6
DA:59,13
DA:71,10
DA:72,10
DA:76,2
DA:87,2
DA:89,2
DA:90,1
DA:93,2
DA:94,2
DA:97,2
DA:107,26
DA:112,26
DA:113,5
DA:116,26
DA:125,15
DA:126,13
DA:127,13
DA:137,20
DA:146,20
DA:147,18
DA:156,1
DA:172,8
DA:173,2
DA:179,6
DA:188,3
DA:189,2
DA:211,15
DA:213,1
DA:216,14
DA:217,1
DA:220,13
DA:221,1
DA:225,12
DA:228,12
DA:229,12
DA:230,12
DA:231,12
DA:235,12
DA:238,12
DA:241,12
DA:243,12
DA:253,8
DA:267,1
DA:268,1
DA:283,12
DA:284,4
DA:286,8
DA:295,3
DA:310,3
DA:311,3
DA:316,3
DA:330,0
DA:333,0
DA:334,0
DA:340,0
DA:341,0
DA:347,0
DA:348,0
DA:354,0
DA:367,1
DA:374,8
LF:69
LH:61
BRDA:86,0,0,1
BRDA:89,1,0,1
BRDA:89,1,1,1
BRDA:93,2,0,2
BRDA:93,2,1,0
BRDA:93,3,0,2
BRDA:93,3,1,2
BRDA:106,4,0,21
BRDA:112,5,0,5
BRDA:112,5,1,21
BRDA:125,6,0,2
BRDA:125,6,1,13
BRDA:125,7,0,15
BRDA:125,7,1,13
BRDA:146,8,0,2
BRDA:146,8,1,18
BRDA:146,9,0,20
BRDA:146,9,1,18
BRDA:172,10,0,2
BRDA:172,10,1,6
BRDA:172,11,0,8
BRDA:172,11,1,8
BRDA:188,12,0,1
BRDA:188,12,1,2
BRDA:211,13,0,1
BRDA:211,13,1,14
BRDA:211,14,0,15
BRDA:211,14,1,14
BRDA:211,14,2,14
BRDA:211,14,3,14
BRDA:216,15,0,1
BRDA:216,15,1,13
BRDA:216,16,0,14
BRDA:216,16,1,14
BRDA:216,16,2,13
BRDA:216,16,3,13
BRDA:220,17,0,1
BRDA:220,17,1,12
BRDA:220,18,0,13
BRDA:220,18,1,13
BRDA:220,18,2,12
BRDA:220,18,3,12
BRDA:254,19,0,8
BRDA:254,19,1,7
BRDA:254,19,2,7
BRDA:254,19,3,6
BRDA:254,19,4,5
BRDA:254,19,5,5
BRDA:283,20,0,4
BRDA:283,20,1,8
BRDA:283,21,0,12
BRDA:283,21,1,10
BRDA:309,22,0,1
BRDA:309,23,0,1
BRDA:333,24,0,0
BRDA:333,24,1,0
BRDA:340,25,0,0
BRDA:340,25,1,0
BRDA:347,26,0,0
BRDA:347,26,1,0
BRDA:347,27,0,0
BRDA:347,27,1,0
BRDA:356,28,0,0
BRDA:356,28,1,0
BRF:64
BRH:53
end_of_record
TN:
SF:middleware\auth.js
FN:16,authenticateToken
FN:63,requireGroupAdmin
FN:71,requireOwnership
FNF:3
FNH:3
FNDA:9,authenticateToken
FNDA:1,requireGroupAdmin
FNDA:1,requireOwnership
DA:6,1
DA:17,9
DA:18,9
DA:21,9
DA:22,1
DA:29,8
DA:31,8
DA:32,2
DA:39,6
DA:42,5
DA:44,5
DA:48,1
DA:49,1
DA:53,1
DA:65,1
DA:73,1
DA:76,1
LF:17
LH:17
BRDA:21,0,0,1
BRDA:21,0,1,8
BRDA:31,1,0,2
BRDA:31,1,1,6
BRDA:48,2,0,0
BRDA:48,2,1,1
BRDA:49,3,0,0
BRDA:49,3,1,1
BRF:8
BRH:6
end_of_record
TN:
SF:middleware\errorHandler.js
FN:11,notFoundHandler
FN:20,errorHandler
FNF:2
FNH:2
FNDA:7,notFoundHandler
FNDA:14,errorHandler
DA:5,1
DA:6,1
DA:12,7
DA:21,14
DA:23,14
DA:24,14
DA:26,14
DA:34,1
LF:8
LH:8
BRDA:23,0,0,14
BRDA:23,0,1,4
BRDA:24,1,0,14
BRDA:24,1,1,1
BRDA:29,2,0,0
BRDA:29,2,1,14
BRF:6
BRH:5
end_of_record
TN:
SF:middleware\validation.js
FN:11,handleValidationErrors
FN:15,(anonymous_1)
FNF:2
FNH:2
FNDA:6,handleValidationErrors
FNDA:7,(anonymous_1)
DA:5,1
DA:6,1
DA:12,6
DA:14,6
DA:15,7
DA:20,4
DA:25,2
DA:31,1
DA:66,1
DA:82,1
DA:120,1
DA:152,1
DA:169,1
DA:178,1
LF:14
LH:14
BRDA:14,0,0,4
BRDA:14,0,1,2
BRF:2
BRH:2
end_of_record
TN:
SF:services\authService.js
FN:21,registerUser
FN:95,loginUser
FNF:2
FNH:2
FNDA:7,registerUser
FNDA:5,loginUser
DA:5,1
DA:13,1
DA:22,7
DA:25,7
DA:26,1
DA:30,6
DA:31,6
DA:32,1
DA:36,5
DA:37,5
DA:40,5
DA:45,5
DA:46,1
DA:50,4
DA:55,4
DA:56,1
DA:60,3
DA:63,3
DA:66,3
DA:72,3
DA:78,3
DA:79,3
DA:81,3
DA:96,5
DA:99,5
DA:102,5
DA:107,5
DA:108,1
DA:112,4
DA:114,4
DA:115,1
DA:119,3
DA:125,3
DA:126,3
DA:128,3
DA:137,1
LF:36
LH:36
BRDA:25,0,0,1
BRDA:25,0,1,6
BRDA:31,1,0,1
BRDA:31,1,1,5
BRDA:45,2,0,1
BRDA:45,2,1,4
BRDA:55,3,0,1
BRDA:55,3,1,3
BRDA:107,4,0,1
BRDA:107,4,1,4
BRDA:114,5,0,1
BRDA:114,5,1,3
BRF:12
BRH:12
end_of_record
TN:
SF:services\feedService.js
FN:14,createPost
FN:81,getGroupPosts
FN:151,getPostById
FN:181,deletePost
FN:209,updatePost
FN:242,getUserPosts
FN:266,getUserFeed
FNF:7
FNH:7
FNDA:5,createPost
FNDA:6,getGroupPosts
FNDA:3,getPostById
FNDA:2,deletePost
FNDA:4,updatePost
FNDA:2,getUserPosts
FNDA:5,getUserFeed
DA:5,1
DA:6,1
DA:15,5
DA:18,5
DA:19,1
DA:22,4
DA:23,1
DA:27,3
DA:28,3
DA:29,1
DA:33,2
DA:38,2
DA:39,1
DA:43,1
DA:44,1
DA:47,1
DA:54,1
DA:69,1
DA:70,1
DA:72,1
DA:82,6
DA:85,6
DA:86,1
DA:89,5
DA:90,2
DA:94,3
DA:95,3
DA:96,1
DA:100,2
DA:103,2
DA:120,2
DA:124,2
DA:127,2
DA:128,2
DA:129,2
DA:131,2
DA:132,2
DA:134,2
DA:152,3
DA:169,3
DA:170,1
DA:173,2
DA:182,2
DA:185,2
DA:190,2
DA:191,1
DA:195,1
DA:197,1
DA:198,1
DA:200,1
DA:211,4
DA:216,4
DA:217,1
DA:221,3
DA:222,1
DA:225,2
DA:226,1
DA:230,1
DA:235,1
DA:243,2
DA:257,2
DA:267,5
DA:270,5
DA:271,1
DA:274,4
DA:275,2
DA:279,2
DA:282,2
DA:303,2
DA:310,2
DA:313,2
DA:314,2
DA:315,2
DA:317,2
DA:318,2
DA:320,2
DA:333,1
LF:77
LH:77
BRDA:18,0,0,1
BRDA:18,0,1,4
BRDA:18,1,0,5
BRDA:18,1,1,4
BRDA:22,2,0,1
BRDA:22,2,1,3
BRDA:28,3,0,1
BRDA:28,3,1,2
BRDA:38,4,0,1
BRDA:38,4,1,1
BRDA:81,5,0,0
BRDA:81,6,0,0
BRDA:85,7,0,1
BRDA:85,7,1,5
BRDA:89,8,0,2
BRDA:89,8,1,3
BRDA:89,9,0,5
BRDA:89,9,1,4
BRDA:95,10,0,1
BRDA:95,10,1,2
BRDA:169,11,0,1
BRDA:169,11,1,2
BRDA:190,12,0,1
BRDA:190,12,1,1
BRDA:216,13,0,1
BRDA:216,13,1,3
BRDA:221,14,0,1
BRDA:221,14,1,2
BRDA:221,15,0,3
BRDA:221,15,1,2
BRDA:225,16,0,1
BRDA:225,16,1,1
BRDA:266,17,0,0
BRDA:266,18,0,0
BRDA:270,19,0,1
BRDA:270,19,1,4
BRDA:274,20,0,2
BRDA:274,20,1,2
BRDA:274,21,0,4
BRDA:274,21,1,3
BRF:40
BRH:36
end_of_record
TN:
SF:services\groupService.js
FN:15,createGroup
FN:68,searchGroups
FN:108,getGroupById
FN:150,joinGroup
FN:191,leaveGroup
FN:234,getGroupMembers
FN:264,isMember
FN:278,deleteGroup
FN:303,updateGroup
FNF:9
FNH:9
FNDA:6,createGroup
FNDA:3,searchGroups
FNDA:8,getGroupById
FNDA:3,joinGroup
FNDA:3,leaveGroup
FNDA:2,getGroupMembers
FNDA:2,isMember
FNDA:3,deleteGroup
FNDA:4,updateGroup
DA:5,1
DA:6,1
DA:16,6
DA:19,6
DA:20,1
DA:23,5
DA:24,1
DA:28,4
DA:33,4
DA:34,1
DA:38,3
DA:39,3
DA:42,3
DA:49,3
DA:56,3
DA:58,3
DA:59,3
DA:61,3
DA:69,3
DA:71,3
DA:85,3
DA:87,3
DA:88,1
DA:89,1
DA:90,1
DA:93,3
DA:95,3
DA:97,3
DA:98,3
DA:100,3
DA:109,8
DA:127,8
DA:128,1
DA:132,7
DA:133,6
DA:137,6
DA:139,1
DA:142,7
DA:151,3
DA:154,3
DA:155,3
DA:156,1
DA:160,2
DA:165,2
DA:166,1
DA:170,1
DA:171,1
DA:178,1
DA:180,1
DA:181,1
DA:183,1
DA:192,3
DA:195,3
DA:196,3
DA:197,0
DA:201,3
DA:202,1
DA:206,2
DA:211,2
DA:212,1
DA:216,1
DA:222,1
DA:224,1
DA:225,1
DA:227,1
DA:236,2
DA:237,2
DA:238,1
DA:241,1
DA:256,1
DA:265,2
DA:270,2
DA:280,3
DA:281,3
DA:282,1
DA:286,2
DA:287,1
DA:291,1
DA:293,1
DA:294,1
DA:305,4
DA:310,4
DA:311,1
DA:314,3
DA:315,3
DA:316,3
DA:318,3
DA:319,2
DA:320,0
DA:324,2
DA:329,2
DA:330,1
DA:333,1
DA:334,1
DA:337,2
DA:338,1
DA:339,1
DA:342,2
DA:343,0
DA:344,0
DA:347,2
DA:348,1
DA:351,1
DA:353,1
DA:358,1
DA:361,1
LF:106
LH:102
BRDA:19,0,0,1
BRDA:19,0,1,5
BRDA:19,1,0,6
BRDA:19,1,1,5
BRDA:23,2,0,1
BRDA:23,2,1,4
BRDA:33,3,0,1
BRDA:33,3,1,3
BRDA:45,4,0,2
BRDA:45,4,1,1
BRDA:45,5,0,3
BRDA:45,5,1,3
BRDA:68,6,0,2
BRDA:87,7,0,1
BRDA:87,7,1,2
BRDA:87,8,0,3
BRDA:87,8,1,1
BRDA:108,9,0,2
BRDA:127,10,0,1
BRDA:127,10,1,7
BRDA:132,11,0,6
BRDA:132,11,1,1
BRDA:155,12,0,1
BRDA:155,12,1,2
BRDA:165,13,0,1
BRDA:165,13,1,1
BRDA:196,14,0,0
BRDA:196,14,1,3
BRDA:201,15,0,1
BRDA:201,15,1,2
BRDA:211,16,0,1
BRDA:211,16,1,1
BRDA:237,17,0,1
BRDA:237,17,1,1
BRDA:281,18,0,1
BRDA:281,18,1,2
BRDA:286,19,0,1
BRDA:286,19,1,1
BRDA:310,20,0,1
BRDA:310,20,1,3
BRDA:318,21,0,2
BRDA:318,21,1,1
BRDA:319,22,0,0
BRDA:319,22,1,2
BRDA:329,23,0,1
BRDA:329,23,1,1
BRDA:337,24,0,1
BRDA:337,24,1,1
BRDA:339,25,0,1
BRDA:339,25,1,0
BRDA:342,26,0,0
BRDA:342,26,1,2
BRDA:347,27,0,1
BRDA:347,27,1,1
BRF:54
BRH:50
end_of_record
TN:
SF:services\reportService.js
FN:21,createReport
FN:86,getNearbyReports
FN:126,(anonymous_2)
FN:132,(anonymous_3)
FN:148,getReportById
FN:183,getUserReports
FN:207,updateReport
FN:259,deleteReport
FNF:8
FNH:8
FNDA:9,createReport
FNDA:6,getNearbyReports
FNDA:4,(anonymous_2)
FNDA:3,(anonymous_3)
FNDA:3,getReportById
FNDA:2,getUserReports
FNDA:4,updateReport
FNDA:2,deleteReport
DA:5,1
DA:11,1
DA:22,9
DA:25,9
DA:26,1
DA:30,8
DA:31,1
DA:34,7
DA:35,1
DA:39,6
DA:40,2
DA:43,4
DA:44,2
DA:48,2
DA:49,2
DA:52,2
DA:59,2
DA:74,2
DA:75,2
DA:77,2
DA:87,6
DA:90,6
DA:91,1
DA:94,5
DA:95,1
DA:98,4
DA:99,2
DA:103,2
DA:104,2
DA:105,2
DA:108,2
DA:125,2
DA:126,2
DA:127,4
DA:128,4
DA:132,3
DA:138,2
DA:139,2
DA:141,2
DA:149,3
DA:151,3
DA:169,3
DA:170,1
DA:173,2
DA:174,2
DA:176,2
DA:184,2
DA:198,2
DA:209,4
DA:214,4
DA:215,1
DA:218,3
DA:219,3
DA:220,3
DA:222,3
DA:223,2
DA:224,1
DA:226,1
DA:227,1
DA:230,2
DA:231,1
DA:232,0
DA:234,1
DA:235,1
DA:238,2
DA:239,1
DA:242,1
DA:243,1
DA:244,1
DA:246,1
DA:251,1
DA:261,2
DA:266,2
DA:267,1
DA:270,1
DA:272,1
DA:273,1
DA:276,1
LF:78
LH:77
BRDA:25,0,0,1
BRDA:25,0,1,8
BRDA:30,1,0,1
BRDA:30,1,1,7
BRDA:30,2,0,8
BRDA:30,2,1,7
BRDA:34,3,0,1
BRDA:34,3,1,6
BRDA:39,4,0,2
BRDA:39,4,1,4
BRDA:39,5,0,6
BRDA:39,5,1,6
BRDA:39,5,2,5
BRDA:43,6,0,2
BRDA:43,6,1,2
BRDA:43,7,0,4
BRDA:43,7,1,4
BRDA:43,7,2,3
BRDA:86,8,0,0
BRDA:90,9,0,1
BRDA:90,9,1,5
BRDA:90,10,0,6
BRDA:90,10,1,6
BRDA:90,10,2,6
BRDA:94,11,0,1
BRDA:94,11,1,4
BRDA:94,12,0,5
BRDA:94,12,1,5
BRDA:94,12,2,5
BRDA:98,13,0,2
BRDA:98,13,1,2
BRDA:98,14,0,4
BRDA:98,14,1,4
BRDA:169,15,0,1
BRDA:169,15,1,2
BRDA:214,16,0,1
BRDA:214,16,1,3
BRDA:222,17,0,2
BRDA:222,17,1,1
BRDA:223,18,0,1
BRDA:223,18,1,1
BRDA:230,19,0,1
BRDA:230,19,1,1
BRDA:231,20,0,0
BRDA:231,20,1,1
BRDA:238,21,0,1
BRDA:238,21,1,1
BRDA:266,22,0,1
BRDA:266,22,1,1
BRF:49
BRH:47
end_of_record
